\BOOKMARK [0]{chapter.1}{Introduction}{}
\BOOKMARK [1]{section.1.1}{What is a ``database backed webserver''?}{chapter.1}
\BOOKMARK [1]{section.1.2}{Why use a webserver in combination with a database?}{chapter.1}
\BOOKMARK [1]{section.1.3}{The new role of the webserver}{chapter.1}
\BOOKMARK [1]{section.1.4}{How to read this document}{chapter.1}
\BOOKMARK [0]{chapter.2}{Dynamically generated documents}{}
\BOOKMARK [1]{section.2.1}{The way it started: Handmade web-pages in a filesystem on a web-server}{chapter.2}
\BOOKMARK [2]{subsection.2.1.1}{CGI-scripts}{section.2.1}
\BOOKMARK [1]{section.2.2}{When a site grows, it becomes hard to maintain}{chapter.2}
\BOOKMARK [1]{section.2.3}{Navigational structure should not be maintained by the author}{chapter.2}
\BOOKMARK [1]{section.2.4}{A good website needs meta-information about its documents}{chapter.2}
\BOOKMARK [1]{section.2.5}{Documentation - meta-data of programs}{chapter.2}
\BOOKMARK [2]{subsection.2.5.1}{Case study: JavaDoc - embedding web-information in programs}{section.2.5}
\BOOKMARK [2]{subsection.2.5.2}{Case study: The Plain Old Documentation format for Perl}{section.2.5}
\BOOKMARK [2]{subsection.2.5.3}{Case study: Literate Programming - Knuths approach to different views of the source}{section.2.5}
\BOOKMARK [2]{subsection.2.5.4}{Example: Rational Rose - the other way around}{section.2.5}
\BOOKMARK [2]{subsection.2.5.5}{Example: Compiling source code into an executable}{section.2.5}
\BOOKMARK [1]{section.2.6}{Multiple views of a web document}{chapter.2}
\BOOKMARK [1]{section.2.7}{SGML/XML: Generic formats for storing data and meta-data}{chapter.2}
\BOOKMARK [1]{section.2.8}{The user should use familiar tools to publish documents}{chapter.2}
\BOOKMARK [0]{chapter.3}{Sample websites and projects}{}
\BOOKMARK [1]{section.3.1}{slashdot.org - high volume information site for nerds}{chapter.3}
\BOOKMARK [1]{section.3.2}{Valueclick.com}{chapter.3}
\BOOKMARK [1]{section.3.3}{Amazon - an Internet bookstore}{chapter.3}
\BOOKMARK [1]{section.3.4}{Bang and Olufsen}{chapter.3}
\BOOKMARK [1]{section.3.5}{Deja - where did Usenet go?}{chapter.3}
\BOOKMARK [1]{section.3.6}{www.krak.dk}{chapter.3}
\BOOKMARK [1]{section.3.7}{The Journey Planner - www.rejseplanen.dk}{chapter.3}
\BOOKMARK [1]{section.3.8}{Searching for images - ftpsearch.lycos.com}{chapter.3}
\BOOKMARK [1]{section.3.9}{Home banking -- sample bank: F\346llesbanken}{chapter.3}
\BOOKMARK [1]{section.3.10}{Yggdrasil - a simple navigational framework}{chapter.3}
\BOOKMARK [1]{section.3.11}{The TOM browser - converting documents online}{chapter.3}
\BOOKMARK [0]{chapter.4}{SGML, XML and DTD's}{}
\BOOKMARK [1]{section.4.1}{``HTML is a SGML DTD'' - the concepts}{chapter.4}
\BOOKMARK [1]{section.4.2}{The author should provide content, not do layout}{chapter.4}
\BOOKMARK [1]{section.4.3}{Why the need for XML when HTML is available?}{chapter.4}
\BOOKMARK [1]{section.4.4}{XHTML - XML compliant HTML}{chapter.4}
\BOOKMARK [1]{section.4.5}{Which dialect of SGML should be used?}{chapter.4}
\BOOKMARK [1]{section.4.6}{How can a *ML document be viewed?}{chapter.4}
\BOOKMARK [2]{subsection.4.6.1}{XML style sheets and Cocoon}{section.4.6}
\BOOKMARK [1]{section.4.7}{Converting documents to XML}{chapter.4}
\BOOKMARK [2]{subsection.4.7.1}{Majix - RTF/(DOC) to XML}{section.4.7}
\BOOKMARK [2]{subsection.4.7.2}{pod2docbook - POD to XML}{section.4.7}
\BOOKMARK [2]{subsection.4.7.3}{tex4h - convert TeX to XML}{section.4.7}
\BOOKMARK [2]{subsection.4.7.4}{wv}{section.4.7}
\BOOKMARK [1]{section.4.8}{Rendering HTML on the fly}{chapter.4}
\BOOKMARK [0]{chapter.5}{The DocBook and TEI DTD's}{}
\BOOKMARK [1]{section.5.1}{DocBook considerations}{chapter.5}
\BOOKMARK [1]{section.5.2}{A sample DocBook XML document}{chapter.5}
\BOOKMARK [0]{chapter.6}{Standard Query Language, Databases and Webservers}{}
\BOOKMARK [1]{section.6.1}{SQL}{chapter.6}
\BOOKMARK [2]{subsection.6.1.1}{SQL - really a standard?}{section.6.1}
\BOOKMARK [1]{section.6.2}{SQL -- getting started}{chapter.6}
\BOOKMARK [1]{section.6.3}{Some of the possible ways of accessing a database from a webserver}{chapter.6}
\BOOKMARK [1]{section.6.4}{What database should be used?}{chapter.6}
\BOOKMARK [0]{chapter.7}{Konsensus -- an unimplemented collaborative OpenFAQ system}{}
\BOOKMARK [0]{chapter.8}{Cactus - data-driven document publication and conversion}{}
\BOOKMARK [1]{section.8.1}{Philosophy}{chapter.8}
\BOOKMARK [1]{section.8.2}{Cactus seen from the users perspective}{chapter.8}
\BOOKMARK [1]{section.8.3}{Design}{chapter.8}
\BOOKMARK [2]{subsection.8.3.1}{Data gathering}{section.8.3}
\BOOKMARK [2]{subsection.8.3.2}{Examininers}{section.8.3}
\BOOKMARK [2]{subsection.8.3.3}{Derivers}{section.8.3}
\BOOKMARK [2]{subsection.8.3.4}{Converters}{section.8.3}
\BOOKMARK [2]{subsection.8.3.5}{Compressors}{section.8.3}
\BOOKMARK [2]{subsection.8.3.6}{Archivers}{section.8.3}
\BOOKMARK [2]{subsection.8.3.7}{Janitors}{section.8.3}
\BOOKMARK [2]{subsection.8.3.8}{Presenters}{section.8.3}
\BOOKMARK [1]{section.8.4}{Executing external commands}{chapter.8}
\BOOKMARK [1]{section.8.5}{SQL tables}{chapter.8}
\BOOKMARK [1]{section.8.6}{Implementing a search engine}{chapter.8}
\BOOKMARK [1]{section.8.7}{Overall view}{chapter.8}
\BOOKMARK [1]{section.8.8}{Data flow}{chapter.8}
\BOOKMARK [2]{subsection.8.8.1}{Input sources}{section.8.8}
\BOOKMARK [2]{subsection.8.8.2}{Output formats}{section.8.8}
\BOOKMARK [1]{section.8.9}{Daemons and SQL tables}{chapter.8}
\BOOKMARK [0]{chapter.9}{Implementation}{}
\BOOKMARK [2]{subsection.9.0.1}{Hardware/software considerations}{section.8.9}
\BOOKMARK [2]{subsection.9.0.2}{Data gatherping}{section.8.9}
\BOOKMARK [2]{subsection.9.0.3}{Derivers}{section.8.9}
\BOOKMARK [2]{subsection.9.0.4}{Converters}{section.8.9}
\BOOKMARK [2]{subsection.9.0.5}{Examiners}{section.8.9}
\BOOKMARK [2]{subsection.9.0.6}{...}{section.8.9}
\BOOKMARK [2]{subsection.9.0.7}{Database}{section.8.9}
\BOOKMARK [2]{subsection.9.0.8}{Web server}{section.8.9}
\BOOKMARK [2]{subsection.9.0.9}{Making it all work under Linux}{section.8.9}
\BOOKMARK [1]{section.9.1}{Why the name Cactus?}{chapter.9}
\BOOKMARK [1]{section.9.2}{The design of Cactus}{chapter.9}
\BOOKMARK [1]{section.9.3}{Overview}{chapter.9}
\BOOKMARK [0]{chapter.10}{Cactus - sample filter sets}{}
\BOOKMARK [1]{section.10.1}{``Print to PDF'' functionality}{chapter.10}
\BOOKMARK [1]{section.10.2}{Image conversion to GIF, PNG and JPEG}{chapter.10}
\BOOKMARK [1]{section.10.3}{Generating HTML, RTF and PDF from DocBook XML}{chapter.10}
\BOOKMARK [0]{chapter.11}{Cactus - what does the future bring?}{}
\BOOKMARK [0]{chapter.12}{Conclusion}{}
\BOOKMARK [0]{chapter.A}{Terms and concepts}{}
\BOOKMARK [0]{chapter.B}{Report writing tools}{}
\BOOKMARK [1]{section.B.1}{LaTeX}{chapter.B}
\BOOKMARK [2]{subsection.B.1.1}{Creating PDF files}{section.B.1}
\BOOKMARK [2]{subsection.B.1.2}{Including screen dumps}{section.B.1}
\BOOKMARK [2]{subsection.B.1.3}{Finding back to the source document from xdvi}{section.B.1}
\BOOKMARK [1]{section.B.2}{Emacs}{chapter.B}
\BOOKMARK [2]{subsection.B.2.1}{Making them all work together}{section.B.2}
\BOOKMARK [0]{chapter.C}{Overview of technologies available for Linux February 2000}{}
\BOOKMARK [1]{section.C.1}{Database engines}{chapter.C}
\BOOKMARK [2]{subsection.C.1.1}{Cloudscape - Informix}{section.C.1}
\BOOKMARK [2]{subsection.C.1.2}{DB2 - IBM}{section.C.1}
\BOOKMARK [2]{subsection.C.1.3}{Ingres - Ingres}{section.C.1}
\BOOKMARK [2]{subsection.C.1.4}{MySQL - TCX}{section.C.1}
\BOOKMARK [2]{subsection.C.1.5}{Oracle}{section.C.1}
\BOOKMARK [2]{subsection.C.1.6}{SyBase - Sybase}{section.C.1}
\BOOKMARK [2]{subsection.C.1.7}{Other approaches to database storage}{section.C.1}
\BOOKMARK [1]{section.C.2}{Available browsers}{chapter.C}
\BOOKMARK [2]{subsection.C.2.1}{Netscape Communicator}{section.C.2}
\BOOKMARK [2]{subsection.C.2.2}{Mozilla - Netscape 6.0}{section.C.2}
\BOOKMARK [2]{subsection.C.2.3}{Opera}{section.C.2}
\BOOKMARK [2]{subsection.C.2.4}{HotJava 3.0}{section.C.2}
\BOOKMARK [2]{subsection.C.2.5}{Microsoft Internet Explorer 5.0}{section.C.2}
\BOOKMARK [2]{subsection.C.2.6}{Amaya}{section.C.2}
\BOOKMARK [2]{subsection.C.2.7}{StarOffice}{section.C.2}
\BOOKMARK [2]{subsection.C.2.8}{W3 - browsing inside Emacs}{section.C.2}
\BOOKMARK [2]{subsection.C.2.9}{Lynx - browsing in textmode}{section.C.2}
